<html>
<body>
<pre>
<h1>Vision Build Log</h1>
<h2>Project:</h2>
E:\STM32\NumRecognize\USER\TEST.uvproj
Project File Date:  03/02/2014

<h2>Output:</h2>
compiling main.c...
main.c(127): warning:  #111-D: statement is unreachable
main.c:         return 0;          
main.c:         ^
main.c: main.c: 1 warning, 0 errors
main.c - 0 Error(s), 1 Warning(s).
Build target 'Target 1'
linking...
Program Size: Code=34032 RO-data=3676 RW-data=384 ZI-data=20088  
FromELF: creating hex file...
"TEST.axf" - 0 Error(s), 0 Warning(s).
Build target 'Target 1'
linking...
Program Size: Code=34032 RO-data=3676 RW-data=384 ZI-data=20088  
FromELF: creating hex file...
"TEST.axf" - 0 Error(s), 0 Warning(s).
compiling main.c...
main.c(127): warning:  #111-D: statement is unreachable
main.c:         return 0;          
main.c:         ^
main.c: main.c: 1 warning, 0 errors
main.c - 0 Error(s), 1 Warning(s).
Build target 'Target 1'
linking...
Program Size: Code=34032 RO-data=3676 RW-data=384 ZI-data=20088  
FromELF: creating hex file...
"TEST.axf" - 0 Error(s), 0 Warning(s).
compiling main.c...
main.c(127): warning:  #111-D: statement is unreachable
main.c:         return 0;          
main.c:         ^
main.c: main.c: 1 warning, 0 errors
main.c - 0 Error(s), 1 Warning(s).
Build target 'Target 1'
linking...
Program Size: Code=34064 RO-data=3676 RW-data=384 ZI-data=20088  
FromELF: creating hex file...
"TEST.axf" - 0 Error(s), 0 Warning(s).
compiling main.c...
main.c(127): warning:  #111-D: statement is unreachable
main.c:         return 0;          
main.c:         ^
main.c: main.c: 1 warning, 0 errors
main.c - 0 Error(s), 1 Warning(s).
Build target 'Target 1'
linking...
Program Size: Code=34132 RO-data=3672 RW-data=384 ZI-data=20088  
FromELF: creating hex file...
"TEST.axf" - 0 Error(s), 0 Warning(s).
compiling main.c...
main.c(127): warning:  #111-D: statement is unreachable
main.c:         return 0;          
main.c:         ^
main.c: main.c: 1 warning, 0 errors
main.c - 0 Error(s), 1 Warning(s).
Build target 'Target 1'
linking...
Program Size: Code=34132 RO-data=3672 RW-data=384 ZI-data=20088  
FromELF: creating hex file...
"TEST.axf" - 0 Error(s), 0 Warning(s).
Build target 'Target 1'
assembling STM32F10x.s...
compiling main.c...
main.c(127): warning:  #111-D: statement is unreachable
main.c:         return 0;          
main.c:         ^
main.c: main.c: 1 warning, 0 errors
compiling img.c...
compiling memmgr.c...
compiling recog.c...
compiling delay.c...
compiling sys.c...
compiling usart.c...
compiling led.c...
compiling key.c...
compiling exti.c...
compiling wdg.c...
compiling timer.c...
compiling ILI93xx.c...
compiling 24cxx.c...
compiling myiic.c...
compiling touch.c...
compiling ov7670.c...
compiling sccb.c...
compiling usmart.c...
compiling usmart_config.c...
compiling usmart_str.c...
linking...
Program Size: Code=34132 RO-data=3672 RW-data=384 ZI-data=20088  
FromELF: creating hex file...
"TEST.axf" - 0 Error(s), 1 Warning(s).
compiling main.c...
main.c(127): warning:  #111-D: statement is unreachable
main.c:         return 0;          
main.c:         ^
main.c: main.c: 1 warning, 0 errors
main.c - 0 Error(s), 1 Warning(s).
Build target 'Target 1'
linking...
Program Size: Code=34132 RO-data=3672 RW-data=384 ZI-data=20088  
FromELF: creating hex file...
"TEST.axf" - 0 Error(s), 0 Warning(s).
compiling main.c...
main.c(127): warning:  #111-D: statement is unreachable
main.c:         return 0;          
main.c:         ^
main.c: main.c: 1 warning, 0 errors
main.c - 0 Error(s), 1 Warning(s).
Build target 'Target 1'
linking...
Program Size: Code=34132 RO-data=3672 RW-data=384 ZI-data=20088  
FromELF: creating hex file...
"TEST.axf" - 0 Error(s), 0 Warning(s).
compiling main.c...
main.c(128): warning:  #111-D: statement is unreachable
main.c:         return 0;          
main.c:         ^
main.c: main.c: 1 warning, 0 errors
main.c - 0 Error(s), 1 Warning(s).
Build target 'Target 1'
linking...
Program Size: Code=34216 RO-data=3676 RW-data=384 ZI-data=20088  
FromELF: creating hex file...
"TEST.axf" - 0 Error(s), 0 Warning(s).
compiling main.c...
main.c(128): warning:  #111-D: statement is unreachable
main.c:         return 0;          
main.c:         ^
main.c: main.c: 1 warning, 0 errors
main.c - 0 Error(s), 1 Warning(s).
Build target 'Target 1'
linking...
Program Size: Code=34276 RO-data=3672 RW-data=384 ZI-data=20088  
FromELF: creating hex file...
"TEST.axf" - 0 Error(s), 0 Warning(s).
compiling main.c...
main.c(128): warning:  #111-D: statement is unreachable
main.c:         return 0;          
main.c:         ^
main.c: main.c: 1 warning, 0 errors
main.c - 0 Error(s), 1 Warning(s).
Build target 'Target 1'
linking...
Program Size: Code=34284 RO-data=3672 RW-data=384 ZI-data=20088  
FromELF: creating hex file...
"TEST.axf" - 0 Error(s), 0 Warning(s).
compiling main.c...
main.c(128): warning:  #111-D: statement is unreachable
main.c:         return 0;          
main.c:         ^
main.c: main.c: 1 warning, 0 errors
main.c - 0 Error(s), 1 Warning(s).
Build target 'Target 1'
linking...
Program Size: Code=34332 RO-data=3672 RW-data=384 ZI-data=20088  
FromELF: creating hex file...
"TEST.axf" - 0 Error(s), 0 Warning(s).
compiling main.c...
main.c(128): warning:  #111-D: statement is unreachable
main.c:         return 0;          
main.c:         ^
main.c: main.c: 1 warning, 0 errors
main.c - 0 Error(s), 1 Warning(s).
Build target 'Target 1'
linking...
Program Size: Code=34392 RO-data=3676 RW-data=384 ZI-data=20088  
FromELF: creating hex file...
"TEST.axf" - 0 Error(s), 0 Warning(s).
compiling main.c...
main.c(128): warning:  #111-D: statement is unreachable
main.c:         return 0;          
main.c:         ^
main.c: main.c: 1 warning, 0 errors
main.c - 0 Error(s), 1 Warning(s).
Build target 'Target 1'
linking...
Program Size: Code=34404 RO-data=3672 RW-data=384 ZI-data=20088  
FromELF: creating hex file...
"TEST.axf" - 0 Error(s), 0 Warning(s).
compiling main.c...
main.c(128): warning:  #111-D: statement is unreachable
main.c:         return 0;          
main.c:         ^
main.c: main.c: 1 warning, 0 errors
main.c - 0 Error(s), 1 Warning(s).
Build target 'Target 1'
linking...
Program Size: Code=34448 RO-data=3676 RW-data=384 ZI-data=20088  
FromELF: creating hex file...
"TEST.axf" - 0 Error(s), 0 Warning(s).
compiling main.c...
main.c(128): warning:  #111-D: statement is unreachable
main.c:         return 0;          
main.c:         ^
main.c: main.c: 1 warning, 0 errors
main.c - 0 Error(s), 1 Warning(s).
Build target 'Target 1'
linking...
Program Size: Code=34452 RO-data=3672 RW-data=384 ZI-data=20088  
FromELF: creating hex file...
"TEST.axf" - 0 Error(s), 0 Warning(s).
compiling main.c...
main.c(128): warning:  #111-D: statement is unreachable
main.c:         return 0;          
main.c:         ^
main.c: main.c: 1 warning, 0 errors
main.c - 0 Error(s), 1 Warning(s).
Build target 'Target 1'
linking...
Program Size: Code=34452 RO-data=3672 RW-data=384 ZI-data=20088  
FromELF: creating hex file...
"TEST.axf" - 0 Error(s), 0 Warning(s).
compiling main.c...
main.c(128): warning:  #111-D: statement is unreachable
main.c:         return 0;          
main.c:         ^
main.c: main.c: 1 warning, 0 errors
main.c - 0 Error(s), 1 Warning(s).
Build target 'Target 1'
linking...
Program Size: Code=34452 RO-data=3672 RW-data=384 ZI-data=20088  
FromELF: creating hex file...
"TEST.axf" - 0 Error(s), 0 Warning(s).
compiling main.c...
main.c(128): warning:  #111-D: statement is unreachable
main.c:         return 0;          
main.c:         ^
main.c: main.c: 1 warning, 0 errors
main.c - 0 Error(s), 1 Warning(s).
Build target 'Target 1'
linking...
Program Size: Code=34456 RO-data=3676 RW-data=384 ZI-data=20088  
FromELF: creating hex file...
"TEST.axf" - 0 Error(s), 0 Warning(s).
compiling main.c...
main.c(128): warning:  #111-D: statement is unreachable
main.c:         return 0;          
main.c:         ^
main.c: main.c: 1 warning, 0 errors
main.c - 0 Error(s), 1 Warning(s).
Build target 'Target 1'
linking...
Program Size: Code=34456 RO-data=3676 RW-data=384 ZI-data=20088  
FromELF: creating hex file...
"TEST.axf" - 0 Error(s), 0 Warning(s).
compiling main.c...
main.c(128): warning:  #111-D: statement is unreachable
main.c:         return 0;          
main.c:         ^
main.c: main.c: 1 warning, 0 errors
main.c - 0 Error(s), 1 Warning(s).
Build target 'Target 1'
linking...
Program Size: Code=34456 RO-data=3676 RW-data=384 ZI-data=20088  
FromELF: creating hex file...
"TEST.axf" - 0 Error(s), 0 Warning(s).
compiling main.c...
main.c(128): warning:  #111-D: statement is unreachable
main.c:         return 0;          
main.c:         ^
main.c: main.c: 1 warning, 0 errors
main.c - 0 Error(s), 1 Warning(s).
Build target 'Target 1'
linking...
Program Size: Code=34456 RO-data=3676 RW-data=384 ZI-data=20088  
FromELF: creating hex file...
"TEST.axf" - 0 Error(s), 0 Warning(s).
compiling main.c...
main.c(128): warning:  #111-D: statement is unreachable
main.c:         return 0;          
main.c:         ^
main.c: main.c: 1 warning, 0 errors
main.c - 0 Error(s), 1 Warning(s).
Build target 'Target 1'
linking...
Program Size: Code=34396 RO-data=3672 RW-data=384 ZI-data=20088  
FromELF: creating hex file...
"TEST.axf" - 0 Error(s), 0 Warning(s).
compiling main.c...
main.c(128): warning:  #111-D: statement is unreachable
main.c:         return 0;          
main.c:         ^
main.c: main.c: 1 warning, 0 errors
main.c - 0 Error(s), 1 Warning(s).
Build target 'Target 1'
linking...
Program Size: Code=34396 RO-data=3672 RW-data=384 ZI-data=20088  
FromELF: creating hex file...
"TEST.axf" - 0 Error(s), 0 Warning(s).
compiling main.c...
main.c(128): warning:  #111-D: statement is unreachable
main.c:         return 0;          
main.c:         ^
main.c: main.c: 1 warning, 0 errors
main.c - 0 Error(s), 1 Warning(s).
Build target 'Target 1'
linking...
Program Size: Code=34396 RO-data=3672 RW-data=384 ZI-data=20088  
FromELF: creating hex file...
"TEST.axf" - 0 Error(s), 0 Warning(s).
compiling main.c...
main.c(128): warning:  #111-D: statement is unreachable
main.c:         return 0;          
main.c:         ^
main.c: main.c: 1 warning, 0 errors
main.c - 0 Error(s), 1 Warning(s).
Build target 'Target 1'
linking...
Program Size: Code=34424 RO-data=3676 RW-data=384 ZI-data=20088  
FromELF: creating hex file...
"TEST.axf" - 0 Error(s), 0 Warning(s).
compiling main.c...
main.c(128): warning:  #111-D: statement is unreachable
main.c:         return 0;          
main.c:         ^
main.c: main.c: 1 warning, 0 errors
main.c - 0 Error(s), 1 Warning(s).
Build target 'Target 1'
linking...
Program Size: Code=34484 RO-data=3672 RW-data=384 ZI-data=20088  
FromELF: creating hex file...
"TEST.axf" - 0 Error(s), 0 Warning(s).
compiling main.c...
main.c(128): warning:  #111-D: statement is unreachable
main.c:         return 0;          
main.c:         ^
main.c: main.c: 1 warning, 0 errors
main.c - 0 Error(s), 1 Warning(s).
Build target 'Target 1'
linking...
Program Size: Code=34500 RO-data=3672 RW-data=384 ZI-data=20088  
FromELF: creating hex file...
"TEST.axf" - 0 Error(s), 0 Warning(s).
compiling main.c...
main.c(128): warning:  #111-D: statement is unreachable
main.c:         return 0;          
main.c:         ^
main.c: main.c: 1 warning, 0 errors
main.c - 0 Error(s), 1 Warning(s).
Build target 'Target 1'
linking...
Program Size: Code=34500 RO-data=3672 RW-data=384 ZI-data=20088  
FromELF: creating hex file...
"TEST.axf" - 0 Error(s), 0 Warning(s).
compiling img.c...
img.c - 0 Error(s), 0 Warning(s).
Build target 'Target 1'
linking...
Program Size: Code=34512 RO-data=3676 RW-data=384 ZI-data=20088  
FromELF: creating hex file...
"TEST.axf" - 0 Error(s), 0 Warning(s).
compiling img.c...
img.c - 0 Error(s), 0 Warning(s).
Build target 'Target 1'
linking...
Program Size: Code=34524 RO-data=3672 RW-data=384 ZI-data=20088  
FromELF: creating hex file...
"TEST.axf" - 0 Error(s), 0 Warning(s).
compiling img.c...
img.c(191): error:  #20: identifier "rlink" is undefined
img.c:          ShowRectLink(rlink);
img.c:                       ^
img.c: img.c: 0 warnings, 1 error
img.c - 1 Error(s), 0 Warning(s).
Build target 'Target 1'
compiling img.c...
img.c(191): error:  #20: identifier "rlink" is undefined
img.c:          ShowRectLink(rlink);
img.c:                       ^
img.c: img.c: 0 warnings, 1 error
Target not created
compiling img.c...
img.c(191): error:  #20: identifier "rlink" is undefined
img.c:          ShowRectLink(rlink);
img.c:                       ^
img.c: img.c: 0 warnings, 1 error
img.c - 1 Error(s), 0 Warning(s).
Build target 'Target 1'
compiling img.c...
img.c(191): error:  #20: identifier "rlink" is undefined
img.c:          ShowRectLink(rlink);
img.c:                       ^
img.c: img.c: 0 warnings, 1 error
Target not created
compiling img.c...
img.c - 0 Error(s), 0 Warning(s).
Build target 'Target 1'
linking...
Program Size: Code=34564 RO-data=3672 RW-data=384 ZI-data=20088  
FromELF: creating hex file...
"TEST.axf" - 0 Error(s), 0 Warning(s).
compiling img.c...
img.c - 0 Error(s), 0 Warning(s).
Build target 'Target 1'
linking...
Program Size: Code=34608 RO-data=3676 RW-data=384 ZI-data=20088  
FromELF: creating hex file...
"TEST.axf" - 0 Error(s), 0 Warning(s).
compiling img.c...
img.c - 0 Error(s), 0 Warning(s).
Build target 'Target 1'
linking...
Program Size: Code=34608 RO-data=3676 RW-data=384 ZI-data=20088  
FromELF: creating hex file...
"TEST.axf" - 0 Error(s), 0 Warning(s).
compiling main.c...
main.c(128): warning:  #111-D: statement is unreachable
main.c:         return 0;          
main.c:         ^
main.c: main.c: 1 warning, 0 errors
main.c - 0 Error(s), 1 Warning(s).
Build target 'Target 1'
compiling img.c...
linking...
Program Size: Code=34676 RO-data=3672 RW-data=384 ZI-data=20088  
FromELF: creating hex file...
"TEST.axf" - 0 Error(s), 0 Warning(s).
compiling main.c...
main.c(128): warning:  #111-D: statement is unreachable
main.c:         return 0;          
main.c:         ^
main.c: main.c: 1 warning, 0 errors
main.c - 0 Error(s), 1 Warning(s).
Build target 'Target 1'
linking...
Program Size: Code=34676 RO-data=3672 RW-data=384 ZI-data=20088  
FromELF: creating hex file...
"TEST.axf" - 0 Error(s), 0 Warning(s).
compiling img.c...
img.c - 0 Error(s), 0 Warning(s).
Build target 'Target 1'
linking...
Program Size: Code=34676 RO-data=3672 RW-data=384 ZI-data=20088  
FromELF: creating hex file...
"TEST.axf" - 0 Error(s), 0 Warning(s).
Build target 'Target 1'
assembling STM32F10x.s...
compiling main.c...
main.c(128): warning:  #111-D: statement is unreachable
main.c:         return 0;          
main.c:         ^
main.c: main.c: 1 warning, 0 errors
compiling img.c...
compiling memmgr.c...
compiling recog.c...
compiling delay.c...
compiling sys.c...
compiling usart.c...
compiling led.c...
compiling key.c...
compiling exti.c...
compiling wdg.c...
compiling timer.c...
compiling ILI93xx.c...
compiling 24cxx.c...
compiling myiic.c...
compiling touch.c...
compiling ov7670.c...
compiling sccb.c...
compiling usmart.c...
compiling usmart_config.c...
compiling usmart_str.c...
linking...
Program Size: Code=34676 RO-data=3672 RW-data=384 ZI-data=20088  
FromELF: creating hex file...
"TEST.axf" - 0 Error(s), 1 Warning(s).
compiling recog.c...
recog.c(43): error:  #20: identifier "unsgined" is undefined
recog.c:        unsgined long s[10];    //保存测度的距离，与10个数字之间
recog.c:        ^
recog.c(43): error:  #65: expected a ";"
recog.c:        unsgined long s[10];    //保存测度的距离，与10个数字之间
recog.c:                 ^
recog.c(45): error:  #268: declaration may not appear after executable statement in block
recog.c:        const u8 model[10][13] = {      {},     //0
recog.c:        ^
recog.c(45): error:  #29: expected an expression
recog.c:        const u8 model[10][13] = {      {},     //0
recog.c:                                         ^
recog.c(46): error:  #29: expected an expression
recog.c:                                                                        {},     //1
recog.c:                                                                         ^
recog.c(47): error:  #29: expected an expression
recog.c:                                                                        {},     //2
recog.c:                                                                         ^
recog.c(48): error:  #29: expected an expression
recog.c:                                                                        {},     //3
recog.c:                                                                         ^
recog.c(49): error:  #29: expected an expression
recog.c:                                                                        {},     //4
recog.c:                                                                         ^
recog.c(50): error:  #29: expected an expression
recog.c:                                                                        {},     //5
recog.c:                                                                         ^
recog.c(51): error:  #29: expected an expression
recog.c:                                                                        {},     //6
recog.c:                                                                         ^
recog.c(52): error:  #29: expected an expression
recog.c:                                                                        {},     //7
recog.c:                                                                         ^
recog.c(53): error:  #67: expected a "}"
recog.c:                                                                        {3 2 10 12 10 8 4 2 51 5 3 7 14},        //8
recog.c:                                                                           ^
recog.c(72): error:  #20: identifier "s" is undefined
recog.c:                        for (j = 0; j<10; j++) s[j] = 0;
recog.c:                                               ^
recog.c(76): error:  #20: identifier "tzDb" is undefined
recog.c:                                s[i] += pow((tzDb[k][j] - model[i][j] ), 2);    //曼哈顿距离或者欧氏距离
recog.c:                                             ^
recog.c(83): error:  #20: identifier "s" is undefined
recog.c:                        if (s[i] < min)
recog.c:                            ^
recog.c: recog.c: 0 warnings, 15 errors
recog.c - 15 Error(s), 0 Warning(s).
Build target 'Target 1'
compiling img.c...
compiling recog.c...
recog.c(43): error:  #20: identifier "unsgined" is undefined
recog.c:        unsgined long s[10];    //保存测度的距离，与10个数字之间
recog.c:        ^
recog.c(43): error:  #65: expected a ";"
recog.c:        unsgined long s[10];    //保存测度的距离，与10个数字之间
recog.c:                 ^
recog.c(45): error:  #268: declaration may not appear after executable statement in block
recog.c:        const u8 model[10][13] = {      {},     //0
recog.c:        ^
recog.c(45): error:  #29: expected an expression
recog.c:        const u8 model[10][13] = {      {},     //0
recog.c:                                         ^
recog.c(46): error:  #29: expected an expression
recog.c:                                                                        {},     //1
recog.c:                                                                         ^
recog.c(47): error:  #29: expected an expression
recog.c:                                                                        {},     //2
recog.c:                                                                         ^
recog.c(48): error:  #29: expected an expression
recog.c:                                                                        {},     //3
recog.c:                                                                         ^
recog.c(49): error:  #29: expected an expression
recog.c:                                                                        {},     //4
recog.c:                                                                         ^
recog.c(50): error:  #29: expected an expression
recog.c:                                                                        {},     //5
recog.c:                                                                         ^
recog.c(51): error:  #29: expected an expression
recog.c:                                                                        {},     //6
recog.c:                                                                         ^
recog.c(52): error:  #29: expected an expression
recog.c:                                                                        {},     //7
recog.c:                                                                         ^
recog.c(53): error:  #67: expected a "}"
recog.c:                                                                        {3 2 10 12 10 8 4 2 51 5 3 7 14},        //8
recog.c:                                                                           ^
recog.c(72): error:  #20: identifier "s" is undefined
recog.c:                        for (j = 0; j<10; j++) s[j] = 0;
recog.c:                                               ^
recog.c(76): error:  #20: identifier "tzDb" is undefined
recog.c:                                s[i] += pow((tzDb[k][j] - model[i][j] ), 2);    //曼哈顿距离或者欧氏距离
recog.c:                                             ^
recog.c(83): error:  #20: identifier "s" is undefined
recog.c:                        if (s[i] < min)
recog.c:                            ^
recog.c: recog.c: 0 warnings, 15 errors
Target not created
compiling recog.c...
recog.c(43): error:  #20: identifier "unsgined" is undefined
recog.c:        unsgined long s[10];    //保存测度的距离，与10个数字之间
recog.c:        ^
recog.c(43): error:  #65: expected a ";"
recog.c:        unsgined long s[10];    //保存测度的距离，与10个数字之间
recog.c:                 ^
recog.c(45): error:  #268: declaration may not appear after executable statement in block
recog.c:        const u8 model[10][13] = {      {},     //0
recog.c:        ^
recog.c(45): error:  #29: expected an expression
recog.c:        const u8 model[10][13] = {      {},     //0
recog.c:                                         ^
recog.c(46): error:  #29: expected an expression
recog.c:                                                                        {},     //1
recog.c:                                                                         ^
recog.c(47): error:  #29: expected an expression
recog.c:                                                                        {},     //2
recog.c:                                                                         ^
recog.c(48): error:  #29: expected an expression
recog.c:                                                                        {},     //3
recog.c:                                                                         ^
recog.c(49): error:  #29: expected an expression
recog.c:                                                                        {},     //4
recog.c:                                                                         ^
recog.c(50): error:  #29: expected an expression
recog.c:                                                                        {},     //5
recog.c:                                                                         ^
recog.c(51): error:  #29: expected an expression
recog.c:                                                                        {},     //6
recog.c:                                                                         ^
recog.c(52): error:  #29: expected an expression
recog.c:                                                                        {},     //7
recog.c:                                                                         ^
recog.c(53): error:  #67: expected a "}"
recog.c:                                                                        {3 2 10 12 10 8 4 2 51 5 3 7 14},        //8
recog.c:                                                                           ^
recog.c(72): error:  #20: identifier "s" is undefined
recog.c:                        for (j = 0; j<10; j++) s[j] = 0;
recog.c:                                               ^
recog.c(76): error:  #20: identifier "tzDb" is undefined
recog.c:                                s[i] += pow((tzDb[k][j] - model[i][j] ), 2);    //曼哈顿距离或者欧氏距离
recog.c:                                             ^
recog.c(83): error:  #20: identifier "s" is undefined
recog.c:                        if (s[i] < min)
recog.c:                            ^
recog.c: recog.c: 0 warnings, 15 errors
recog.c - 15 Error(s), 0 Warning(s).
compiling recog.c...
recog.c(43): error:  #20: identifier "unsgined" is undefined
recog.c:        unsgined long s[10];    //保存测度的距离，与10个数字之间
recog.c:        ^
recog.c(43): error:  #65: expected a ";"
recog.c:        unsgined long s[10];    //保存测度的距离，与10个数字之间
recog.c:                 ^
recog.c(45): error:  #268: declaration may not appear after executable statement in block
recog.c:        const u8 model[10][13] = {      {},     //0
recog.c:        ^
recog.c(45): error:  #29: expected an expression
recog.c:        const u8 model[10][13] = {      {},     //0
recog.c:                                         ^
recog.c(46): error:  #29: expected an expression
recog.c:                                                                        {},     //1
recog.c:                                                                         ^
recog.c(47): error:  #29: expected an expression
recog.c:                                                                        {},     //2
recog.c:                                                                         ^
recog.c(48): error:  #29: expected an expression
recog.c:                                                                        {},     //3
recog.c:                                                                         ^
recog.c(49): error:  #29: expected an expression
recog.c:                                                                        {},     //4
recog.c:                                                                         ^
recog.c(50): error:  #29: expected an expression
recog.c:                                                                        {},     //5
recog.c:                                                                         ^
recog.c(51): error:  #29: expected an expression
recog.c:                                                                        {},     //6
recog.c:                                                                         ^
recog.c(52): error:  #29: expected an expression
recog.c:                                                                        {},     //7
recog.c:                                                                         ^
recog.c(53): error:  #67: expected a "}"
recog.c:                                                                        {3 2 10 12 10 8 4 2 51 5 3 7 14},        //8
recog.c:                                                                           ^
recog.c(72): error:  #20: identifier "s" is undefined
recog.c:                        for (j = 0; j<10; j++) s[j] = 0;
recog.c:                                               ^
recog.c(83): error:  #20: identifier "s" is undefined
recog.c:                        if (s[i] < min)
recog.c:                            ^
recog.c: recog.c: 0 warnings, 14 errors
recog.c - 14 Error(s), 0 Warning(s).
compiling recog.c...
recog.c(43): error:  #20: identifier "unsgined" is undefined
recog.c:        unsgined long s[10];    //保存测度的距离，与10个数字之间
recog.c:        ^
recog.c(43): error:  #65: expected a ";"
recog.c:        unsgined long s[10];    //保存测度的距离，与10个数字之间
recog.c:                 ^
recog.c(45): error:  #268: declaration may not appear after executable statement in block
recog.c:        const u8 model[10][13] = {      {0},    //0
recog.c:        ^
recog.c(53): error:  #67: expected a "}"
recog.c:                                                                {3 2 10 12 10 8 4 2 51 5 3 7 14},        //8
recog.c:                                                                   ^
recog.c(72): error:  #20: identifier "s" is undefined
recog.c:                        for (j = 0; j<10; j++) s[j] = 0;
recog.c:                                               ^
recog.c(83): error:  #20: identifier "s" is undefined
recog.c:                        if (s[i] < min)
recog.c:                            ^
recog.c: recog.c: 0 warnings, 6 errors
recog.c - 6 Error(s), 0 Warning(s).
compiling recog.c...
recog.c(53): error:  #67: expected a "}"
recog.c:                                                                {3 2 10 12 10 8 4 2 51 5 3 7 14},        //8
recog.c:                                                                   ^
recog.c: recog.c: 0 warnings, 1 error
recog.c - 1 Error(s), 0 Warning(s).
Build target 'Target 1'
compiling recog.c...
recog.c(53): error:  #67: expected a "}"
recog.c:                                                                {3 2 10 12 10 8 4 2 51 5 3 7 14},        //8
recog.c:                                                                   ^
recog.c: recog.c: 0 warnings, 1 error
Target not created
compiling recog.c...
recog.c - 0 Error(s), 0 Warning(s).
Build target 'Target 1'
linking...
Program Size: Code=34668 RO-data=3808 RW-data=384 ZI-data=20088  
FromELF: creating hex file...
"TEST.axf" - 0 Error(s), 0 Warning(s).
compiling img.c...
img.c - 0 Error(s), 0 Warning(s).
Build target 'Target 1'
assembling STM32F10x.s...
compiling main.c...
main.c(128): warning:  #111-D: statement is unreachable
main.c:         return 0;          
main.c:         ^
main.c: main.c: 1 warning, 0 errors
compiling img.c...
compiling memmgr.c...
compiling recog.c...
compiling delay.c...
compiling sys.c...
compiling usart.c...
compiling led.c...
compiling key.c...
compiling exti.c...
compiling wdg.c...
compiling timer.c...
compiling ILI93xx.c...
compiling 24cxx.c...
compiling myiic.c...
compiling touch.c...
compiling ov7670.c...
compiling sccb.c...
compiling usmart.c...
compiling usmart_config.c...
compiling usmart_str.c...
linking...
Program Size: Code=34612 RO-data=3808 RW-data=384 ZI-data=20088  
FromELF: creating hex file...
"TEST.axf" - 0 Error(s), 1 Warning(s).
compiling recog.c...
recog.c - 0 Error(s), 0 Warning(s).
Build target 'Target 1'
linking...
Program Size: Code=34616 RO-data=3804 RW-data=384 ZI-data=20088  
FromELF: creating hex file...
"TEST.axf" - 0 Error(s), 0 Warning(s).
compiling recog.c...
recog.c - 0 Error(s), 0 Warning(s).
Build target 'Target 1'
linking...
Program Size: Code=34616 RO-data=3804 RW-data=384 ZI-data=20088  
FromELF: creating hex file...
"TEST.axf" - 0 Error(s), 0 Warning(s).
compiling recog.c...
recog.c - 0 Error(s), 0 Warning(s).
Build target 'Target 1'
linking...
Program Size: Code=34612 RO-data=3808 RW-data=384 ZI-data=20088  
FromELF: creating hex file...
"TEST.axf" - 0 Error(s), 0 Warning(s).
Build target 'Target 1'
assembling STM32F10x.s...
compiling main.c...
main.c(128): warning:  #111-D: statement is unreachable
main.c:         return 0;          
main.c:         ^
main.c: main.c: 1 warning, 0 errors
compiling img.c...
compiling memmgr.c...
compiling recog.c...
compiling delay.c...
compiling sys.c...
compiling usart.c...
compiling led.c...
compiling key.c...
compiling exti.c...
compiling wdg.c...
compiling timer.c...
compiling ILI93xx.c...
compiling 24cxx.c...
compiling myiic.c...
compiling touch.c...
compiling ov7670.c...
compiling sccb.c...
compiling usmart.c...
compiling usmart_config.c...
compiling usmart_str.c...
linking...
Program Size: Code=34612 RO-data=3808 RW-data=384 ZI-data=20088  
FromELF: creating hex file...
"TEST.axf" - 0 Error(s), 1 Warning(s).
